#
# There is insufficient memory for the Java Runtime Environment to continue.
# Native memory allocation (malloc) failed to allocate 993136 bytes for Chunk::new
# Possible reasons:
#   The system is out of physical RAM or swap space
#   The process is running with CompressedOops enabled, and the Java Heap may be blocking the growth of the native heap
# Possible solutions:
#   Reduce memory load on the system
#   Increase physical memory or swap space
#   Check if swap backing store is full
#   Decrease Java heap size (-Xmx/-Xms)
#   Decrease number of Java threads
#   Decrease Java thread stack sizes (-Xss)
#   Set larger code cache with -XX:ReservedCodeCacheSize=
#   JVM is running with Unscaled Compressed Oops mode in which the Java heap is
#     placed in the first 4GB address space. The Java Heap base address is the
#     maximum limit for the native heap growth. Please use -XX:HeapBaseMinAddress
#     to set the Java Heap base and to place the Java Heap above 4GB virtual address.
# This output file may be truncated or incomplete.
#
#  Out of Memory Error (arena.cpp:189), pid=16264, tid=15272
#
# JRE version: OpenJDK Runtime Environment Temurin-17.0.4.1+1 (17.0.4.1+1) (build 17.0.4.1+1)
# Java VM: OpenJDK 64-Bit Server VM Temurin-17.0.4.1+1 (17.0.4.1+1, mixed mode, tiered, compressed oops, compressed class ptrs, parallel gc, windows-amd64)
# No core dump will be written. Minidumps are not enabled by default on client versions of Windows
#

---------------  S U M M A R Y ------------

Command Line: --add-modules=ALL-SYSTEM --add-opens=java.base/java.util=ALL-UNNAMED --add-opens=java.base/java.lang=ALL-UNNAMED --add-opens=java.base/sun.nio.fs=ALL-UNNAMED -Declipse.application=org.eclipse.jdt.ls.core.id1 -Dosgi.bundles.defaultStartLevel=4 -Declipse.product=org.eclipse.jdt.ls.core.product -Djava.import.generatesMetadataFilesAtProjectRoot=false -Dfile.encoding=utf8 -DwatchParentProcess=false -XX:+UseParallelGC -XX:GCTimeRatio=4 -XX:AdaptiveSizePolicyWeight=90 -Dsun.zip.disableMemoryMapping=true -Xmx1G -Xms100m -Xlog:disable -javaagent:c:\Users\D3rick\.vscode\extensions\redhat.java-1.11.0-win32-x64\lombok\lombok-1.18.24.jar -XX:+HeapDumpOnOutOfMemoryError -XX:HeapDumpPath=c:\Users\D3rick\AppData\Roaming\Code\User\workspaceStorage\a8ea1c6958cda01272c224f9bc5d13be\redhat.java c:\Users\D3rick\.vscode\extensions\redhat.java-1.11.0-win32-x64\server\plugins\org.eclipse.equinox.launcher_1.6.400.v20210924-0641.jar -configuration c:\Users\D3rick\AppData\Roaming\Code\User\globalStorage\redhat.java\1.11.0\config_win -data c:\Users\D3rick\AppData\Roaming\Code\User\workspaceStorage\a8ea1c6958cda01272c224f9bc5d13be\redhat.java\jdt_ws

Host: Intel(R) Core(TM) i5-3470S CPU @ 2.90GHz, 4 cores, 7G,  Windows 10 , 64 bit Build 19041 (10.0.19041.1889)
Time: Fri Sep 30 19:42:16 2022 SA Pacific Standard Time elapsed time: 38671.442349 seconds (0d 10h 44m 31s)

---------------  T H R E A D  ---------------

Current thread (0x00000200aac66950):  JavaThread "C2 CompilerThread0" daemon [_thread_in_native, id=15272, stack(0x0000009732700000,0x0000009732800000)]


Current CompileTask:
C2:38671442 13677       4       org.eclipse.jdt.internal.compiler.lookup.LookupEnvironment::getTypeFromTypeSignature (770 bytes)

Stack: [0x0000009732700000,0x0000009732800000]
Native frames: (J=compiled Java code, j=interpreted, Vv=VM code, C=native code)
V  [jvm.dll+0x67731a]
V  [jvm.dll+0x832284]
V  [jvm.dll+0x833a2e]
V  [jvm.dll+0x834093]
V  [jvm.dll+0x245775]
V  [jvm.dll+0xabd7b]
V  [jvm.dll+0xac30c]
V  [jvm.dll+0x2ac80f]
V  [jvm.dll+0x57dd77]
V  [jvm.dll+0x220892]
V  [jvm.dll+0x220c6f]
V  [jvm.dll+0x21a4d5]
V  [jvm.dll+0x21799b]
V  [jvm.dll+0x1a3f8d]
V  [jvm.dll+0x227498]
V  [jvm.dll+0x2255e5]
V  [jvm.dll+0x7e7e9b]
V  [jvm.dll+0x7e240a]
V  [jvm.dll+0x6761a5]
C  [ucrtbase.dll+0x21bb2]
C  [KERNEL32.DLL+0x17034]
C  [ntdll.dll+0x526a1]


---------------  P R O C E S S  ---------------

Threads class SMR info:
_java_thread_list=0x00000200b3926f30, length=33, elements={
0x0000020094f1ae10, 0x00000200aac36740, 0x00000200aac37200, 0x00000200aac60150,
0x00000200aac60b10, 0x00000200aac613d0, 0x00000200aac61c90, 0x00000200aac66950,
0x00000200aac70fc0, 0x00000200ac5f0920, 0x00000200aab31010, 0x00000200ac89c250,
0x00000200adc5be90, 0x00000200acedecf0, 0x00000200adc372b0, 0x00000200ad12cdc0,
0x00000200acd683c0, 0x00000200acd67080, 0x00000200acd67a20, 0x00000200acd69700,
0x00000200aefe07c0, 0x00000200aefe4650, 0x00000200aefe3310, 0x00000200aefe3cb0,
0x00000200aefe24a0, 0x00000200acd68d60, 0x00000200acd69230, 0x00000200acd66210,
0x00000200aefe4180, 0x00000200aefe54c0, 0x00000200aefe4ff0, 0x00000200aefe1160,
0x00000200afb985f0
}

Java Threads: ( => current thread )
  0x0000020094f1ae10 JavaThread "main" [_thread_blocked, id=13708, stack(0x0000009731d00000,0x0000009731e00000)]
  0x00000200aac36740 JavaThread "Reference Handler" daemon [_thread_blocked, id=8428, stack(0x0000009732100000,0x0000009732200000)]
  0x00000200aac37200 JavaThread "Finalizer" daemon [_thread_blocked, id=16464, stack(0x0000009732200000,0x0000009732300000)]
  0x00000200aac60150 JavaThread "Signal Dispatcher" daemon [_thread_blocked, id=11844, stack(0x0000009732300000,0x0000009732400000)]
  0x00000200aac60b10 JavaThread "Attach Listener" daemon [_thread_blocked, id=16332, stack(0x0000009732400000,0x0000009732500000)]
  0x00000200aac613d0 JavaThread "Service Thread" daemon [_thread_blocked, id=10784, stack(0x0000009732500000,0x0000009732600000)]
  0x00000200aac61c90 JavaThread "Monitor Deflation Thread" daemon [_thread_blocked, id=14816, stack(0x0000009732600000,0x0000009732700000)]
=>0x00000200aac66950 JavaThread "C2 CompilerThread0" daemon [_thread_in_native, id=15272, stack(0x0000009732700000,0x0000009732800000)]
  0x00000200aac70fc0 JavaThread "C1 CompilerThread0" daemon [_thread_blocked, id=16472, stack(0x0000009732800000,0x0000009732900000)]
  0x00000200ac5f0920 JavaThread "Sweeper thread" daemon [_thread_blocked, id=18144, stack(0x0000009732900000,0x0000009732a00000)]
  0x00000200aab31010 JavaThread "Common-Cleaner" daemon [_thread_blocked, id=17780, stack(0x0000009732a00000,0x0000009732b00000)]
  0x00000200ac89c250 JavaThread "Notification Thread" daemon [_thread_blocked, id=13404, stack(0x0000009732b00000,0x0000009732c00000)]
  0x00000200adc5be90 JavaThread "Active Thread: Equinox Container: 62452e1b-3042-407d-a0b4-57943a3843bd" [_thread_blocked, id=12172, stack(0x0000009733400000,0x0000009733500000)]
  0x00000200acedecf0 JavaThread "Framework Event Dispatcher: Equinox Container: 62452e1b-3042-407d-a0b4-57943a3843bd" daemon [_thread_blocked, id=11580, stack(0x0000009733500000,0x0000009733600000)]
  0x00000200adc372b0 JavaThread "Start Level: Equinox Container: 62452e1b-3042-407d-a0b4-57943a3843bd" daemon [_thread_blocked, id=8316, stack(0x0000009733600000,0x0000009733700000)]
  0x00000200ad12cdc0 JavaThread "Refresh Thread: Equinox Container: 62452e1b-3042-407d-a0b4-57943a3843bd" daemon [_thread_blocked, id=15580, stack(0x0000009733700000,0x0000009733800000)]
  0x00000200acd683c0 JavaThread "SCR Component Actor" daemon [_thread_blocked, id=15392, stack(0x0000009733900000,0x0000009733a00000)]
  0x00000200acd67080 JavaThread "Worker-JM" [_thread_blocked, id=14068, stack(0x0000009733b00000,0x0000009733c00000)]
  0x00000200acd67a20 JavaThread "Worker-1" [_thread_blocked, id=4232, stack(0x0000009733c00000,0x0000009733d00000)]
  0x00000200acd69700 JavaThread "Bundle File Closer" daemon [_thread_blocked, id=2720, stack(0x0000009733e00000,0x0000009733f00000)]
  0x00000200aefe07c0 JavaThread "Java indexing" daemon [_thread_blocked, id=10852, stack(0x0000009734100000,0x0000009734200000)]
  0x00000200aefe4650 JavaThread "pool-1-thread-1" [_thread_in_native, id=17436, stack(0x0000009733a00000,0x0000009733b00000)]
  0x00000200aefe3310 JavaThread "Java Debug Server" daemon [_thread_in_native, id=15128, stack(0x0000009733300000,0x0000009733400000)]
  0x00000200aefe3cb0 JavaThread "RxSchedulerPurge-1" daemon [_thread_blocked, id=9528, stack(0x0000009733f00000,0x0000009734000000)]
  0x00000200aefe24a0 JavaThread "RxCachedWorkerPoolEvictor-1" daemon [_thread_blocked, id=20668, stack(0x0000009734000000,0x0000009734100000)]
  0x00000200acd68d60 JavaThread "ForkJoinPool.commonPool-worker-7" daemon [_thread_blocked, id=9324, stack(0x0000009731e00000,0x0000009731f00000)]
  0x00000200acd69230 JavaThread "ForkJoinPool.commonPool-worker-8" daemon [_thread_blocked, id=16932, stack(0x0000009733000000,0x0000009733100000)]
  0x00000200acd66210 JavaThread "ForkJoinPool.commonPool-worker-9" daemon [_thread_blocked, id=20404, stack(0x0000009733100000,0x0000009733200000)]
  0x00000200aefe4180 JavaThread "pool-2-thread-2" [_thread_in_native, id=20452, stack(0x0000009733800000,0x0000009733900000)]
  0x00000200aefe54c0 JavaThread "RxNewThreadScheduler-3" daemon [_thread_blocked, id=20920, stack(0x0000009733d00000,0x0000009733e00000)]
  0x00000200aefe4ff0 JavaThread "process reaper" daemon [_thread_in_native, id=16124, stack(0x00000097319c0000,0x00000097319e0000)]
  0x00000200aefe1160 JavaThread "Worker-10" [_thread_blocked, id=19176, stack(0x0000009731c00000,0x0000009731d00000)]
  0x00000200afb985f0 JavaThread "C2 CompilerThread1" daemon [_thread_blocked, id=19848, stack(0x0000009733200000,0x0000009733300000)]

Other Threads:
  0x00000200aac1d8a0 VMThread "VM Thread" [stack: 0x0000009732000000,0x0000009732100000] [id=5328]
  0x00000200ac895e50 WatcherThread [stack: 0x0000009732c00000,0x0000009732d00000] [id=3244]
  0x0000020094f30440 GCTaskThread "GC Thread#0" [stack: 0x0000009731f00000,0x0000009732000000] [id=6248]
  0x00000200acdcb0e0 GCTaskThread "GC Thread#1" [stack: 0x0000009732d00000,0x0000009732e00000] [id=10364]
  0x00000200acef1230 GCTaskThread "GC Thread#2" [stack: 0x0000009732e00000,0x0000009732f00000] [id=15664]
  0x00000200acef14e0 GCTaskThread "GC Thread#3" [stack: 0x0000009732f00000,0x0000009733000000] [id=8732]

Threads with active compile tasks:
C2 CompilerThread0  38671486 13677       4       org.eclipse.jdt.internal.compiler.lookup.LookupEnvironment::getTypeFromTypeSignature (770 bytes)

VM state: not at safepoint (normal execution)

VM Mutex/Monitor currently owned by a thread: None

Heap address: 0x00000000c0000000, size: 1024 MB, Compressed Oops mode: 32-bit

CDS archive(s) not mapped
Compressed class space mapped at: 0x0000000100000000-0x0000000140000000, reserved size: 1073741824
Narrow klass base: 0x0000000000000000, Narrow klass shift: 3, Narrow klass range: 0x140000000

GC Precious Log:
 CPUs: 4 total, 4 available
 Memory: 8150M
 Large Page Support: Disabled
 NUMA Support: Disabled
 Compressed Oops: Enabled (32-bit)
 Alignments: Space 512K, Generation 512K, Heap 2M
 Heap Min Capacity: 100M
 Heap Initial Capacity: 100M
 Heap Max Capacity: 1G
 Pre-touch: Disabled
 Parallel Workers: 4

Heap:
 PSYoungGen      total 9216K, used 8066K [0x00000000eab00000, 0x00000000eb700000, 0x0000000100000000)
  eden space 7168K, 89% used [0x00000000eab00000,0x00000000eb14bce8,0x00000000eb200000)
  from space 2048K, 79% used [0x00000000eb400000,0x00000000eb594d10,0x00000000eb600000)
  to   space 2048K, 0% used [0x00000000eb200000,0x00000000eb200000,0x00000000eb400000)
 ParOldGen       total 137728K, used 99696K [0x00000000c0000000, 0x00000000c8680000, 0x00000000eab00000)
  object space 137728K, 72% used [0x00000000c0000000,0x00000000c615c258,0x00000000c8680000)
 Metaspace       used 79458K, committed 80576K, reserved 1122304K
  class space    used 8261K, committed 8768K, reserved 1048576K

Card table byte_map: [0x00000200a8540000,0x00000200a8750000] _byte_map_base: 0x00000200a7f40000

Marking Bits: (ParMarkBitMap*) 0x00007ffecb022cc0
 Begin Bits: [0x00000200a88b0000, 0x00000200a98b0000)
 End Bits:   [0x00000200a98b0000, 0x00000200aa8b0000)

Polling page: 0x0000020094d90000

Metaspace:

Usage:
  Non-class:     69.53 MB used.
      Class:      8.07 MB used.
       Both:     77.60 MB used.

Virtual space:
  Non-class space:       72.00 MB reserved,      70.12 MB ( 97%) committed,  9 nodes.
      Class space:        1.00 GB reserved,       8.56 MB ( <1%) committed,  1 nodes.
             Both:        1.07 GB reserved,      78.69 MB (  7%) committed. 

Chunk freelists:
   Non-Class:  1.50 MB
       Class:  3.48 MB
        Both:  4.98 MB

MaxMetaspaceSize: unlimited
CompressedClassSpaceSize: 1.00 GB
Initial GC threshold: 21.00 MB
Current GC threshold: 130.88 MB
CDS: off
MetaspaceReclaimPolicy: balanced
 - commit_granule_bytes: 65536.
 - commit_granule_words: 8192.
 - virtual_space_node_default_size: 1048576.
 - enlarge_chunks_in_place: 1.
 - new_chunks_are_fully_committed: 0.
 - uncommit_free_chunks: 1.
 - use_allocation_guard: 0.
 - handle_deallocations: 1.


Internal statistics:

num_allocs_failed_limit: 9.
num_arena_births: 896.
num_arena_deaths: 150.
num_vsnodes_births: 10.
num_vsnodes_deaths: 0.
num_space_committed: 1259.
num_space_uncommitted: 0.
num_chunks_returned_to_freelist: 209.
num_chunks_taken_from_freelist: 4069.
num_chunk_merges: 66.
num_chunk_splits: 2534.
num_chunks_enlarged: 1503.
num_purges: 4.
num_inconsistent_stats: 0.

CodeHeap 'non-profiled nmethods': size=120000Kb used=8335Kb max_used=8482Kb free=111665Kb
 bounds [0x00000200a0e30000, 0x00000200a1680000, 0x00000200a8360000]
CodeHeap 'profiled nmethods': size=120000Kb used=24409Kb max_used=26093Kb free=95590Kb
 bounds [0x0000020099900000, 0x000002009b280000, 0x00000200a0e30000]
CodeHeap 'non-nmethods': size=5760Kb used=1413Kb max_used=1481Kb free=4347Kb
 bounds [0x0000020099360000, 0x00000200995d0000, 0x0000020099900000]
 total_blobs=11876 nmethods=11109 adapters=680
 compilation: enabled
              stopped_count=0, restarted_count=0
 full_count=0

Compilation events (20 events):
Event: 38671.273 Thread 0x00000200afb985f0 nmethod 13731 0x00000200a14ccb90 code [0x00000200a14ccda0, 0x00000200a14cd4e0]
Event: 38671.273 Thread 0x00000200afb985f0 13734       4       org.eclipse.jdt.internal.compiler.lookup.ModuleBinding$UnNamedModule::canAccess (77 bytes)
Event: 38671.277 Thread 0x00000200aac70fc0 nmethod 13733 0x000002009b055190 code [0x000002009b055c20, 0x000002009b05f488]
Event: 38671.277 Thread 0x00000200aac70fc0 13736       3       org.eclipse.jdt.internal.compiler.ast.Annotation::computeElementValuePairs (4 bytes)
Event: 38671.278 Thread 0x00000200aac70fc0 nmethod 13736 0x0000020099cb3310 code [0x0000020099cb34a0, 0x0000020099cb35b8]
Event: 38671.278 Thread 0x00000200aac70fc0 13737       3       org.eclipse.jdt.internal.compiler.lookup.AnnotationBinding::resolve (1 bytes)
Event: 38671.278 Thread 0x00000200aac70fc0 nmethod 13737 0x0000020099e28090 code [0x0000020099e28220, 0x0000020099e28338]
Event: 38671.281 Thread 0x00000200aac70fc0 13738       3       org.eclipse.jdt.internal.compiler.ast.MarkerAnnotation::traverse (32 bytes)
Event: 38671.282 Thread 0x00000200aac70fc0 nmethod 13738 0x000002009a288110 code [0x000002009a2882e0, 0x000002009a2886f8]
Event: 38671.282 Thread 0x00000200aac70fc0 13739       3       org.eclipse.jdt.internal.compiler.ASTVisitor::endVisit (1 bytes)
Event: 38671.282 Thread 0x00000200aac70fc0 nmethod 13739 0x0000020099e97e90 code [0x0000020099e98020, 0x0000020099e98138]
Event: 38671.282 Thread 0x00000200aac70fc0 13740       3       java.util.Arrays::deepEquals (86 bytes)
Event: 38671.283 Thread 0x00000200aac70fc0 nmethod 13740 0x0000020099dfd990 code [0x0000020099dfdb80, 0x0000020099dfe048]
Event: 38671.286 Thread 0x00000200aac70fc0 13741       3       org.eclipse.lsp4j.Position::<init> (5 bytes)
Event: 38671.286 Thread 0x00000200aac70fc0 nmethod 13741 0x0000020099f2e790 code [0x0000020099f2e920, 0x0000020099f2ea78]
Event: 38671.306 Thread 0x00000200afb985f0 nmethod 13734 0x00000200a149f710 code [0x00000200a149f9e0, 0x00000200a14a0d70]
Event: 38671.306 Thread 0x00000200afb985f0 13730       4       java.util.stream.Nodes$FixedNodeBuilder::accept (61 bytes)
Event: 38671.307 Thread 0x00000200afb985f0 nmethod 13730 0x00000200a1337010 code [0x00000200a13371a0, 0x00000200a13372b8]
Event: 38671.307 Thread 0x00000200afb985f0 13735       4       org.eclipse.jdt.internal.compiler.lookup.ReferenceBinding$3::compare (46 bytes)
Event: 38671.311 Thread 0x00000200afb985f0 nmethod 13735 0x00000200a120c110 code [0x00000200a120c2a0, 0x00000200a120c4f8]

GC Heap History (20 events):
Event: 38670.932 GC heap before
{Heap before GC invocations=200 (full 8):
 PSYoungGen      total 6656K, used 6580K [0x00000000eab00000, 0x00000000eb780000, 0x0000000100000000)
  eden space 5120K, 100% used [0x00000000eab00000,0x00000000eb000000,0x00000000eb000000)
  from space 1536K, 95% used [0x00000000eb600000,0x00000000eb76d220,0x00000000eb780000)
  to   space 2048K, 0% used [0x00000000eb380000,0x00000000eb380000,0x00000000eb580000)
 ParOldGen       total 137728K, used 97307K [0x00000000c0000000, 0x00000000c8680000, 0x00000000eab00000)
  object space 137728K, 70% used [0x00000000c0000000,0x00000000c5f06f38,0x00000000c8680000)
 Metaspace       used 79350K, committed 80512K, reserved 1122304K
  class space    used 8261K, committed 8768K, reserved 1048576K
}
Event: 38670.934 GC heap after
{Heap after GC invocations=200 (full 8):
 PSYoungGen      total 6656K, used 1508K [0x00000000eab00000, 0x00000000eb680000, 0x0000000100000000)
  eden space 5120K, 0% used [0x00000000eab00000,0x00000000eab00000,0x00000000eb000000)
  from space 1536K, 98% used [0x00000000eb380000,0x00000000eb4f9230,0x00000000eb500000)
  to   space 1536K, 0% used [0x00000000eb500000,0x00000000eb500000,0x00000000eb680000)
 ParOldGen       total 137728K, used 97307K [0x00000000c0000000, 0x00000000c8680000, 0x00000000eab00000)
  object space 137728K, 70% used [0x00000000c0000000,0x00000000c5f06f38,0x00000000c8680000)
 Metaspace       used 79350K, committed 80512K, reserved 1122304K
  class space    used 8261K, committed 8768K, reserved 1048576K
}
Event: 38670.944 GC heap before
{Heap before GC invocations=201 (full 8):
 PSYoungGen      total 6656K, used 6628K [0x00000000eab00000, 0x00000000eb680000, 0x0000000100000000)
  eden space 5120K, 100% used [0x00000000eab00000,0x00000000eb000000,0x00000000eb000000)
  from space 1536K, 98% used [0x00000000eb380000,0x00000000eb4f9230,0x00000000eb500000)
  to   space 1536K, 0% used [0x00000000eb500000,0x00000000eb500000,0x00000000eb680000)
 ParOldGen       total 137728K, used 97307K [0x00000000c0000000, 0x00000000c8680000, 0x00000000eab00000)
  object space 137728K, 70% used [0x00000000c0000000,0x00000000c5f06f38,0x00000000c8680000)
 Metaspace       used 79350K, committed 80512K, reserved 1122304K
  class space    used 8261K, committed 8768K, reserved 1048576K
}
Event: 38670.945 GC heap after
{Heap after GC invocations=201 (full 8):
 PSYoungGen      total 7680K, used 1508K [0x00000000eab00000, 0x00000000eb680000, 0x0000000100000000)
  eden space 6144K, 0% used [0x00000000eab00000,0x00000000eab00000,0x00000000eb100000)
  from space 1536K, 98% used [0x00000000eb500000,0x00000000eb679230,0x00000000eb680000)
  to   space 2048K, 0% used [0x00000000eb280000,0x00000000eb280000,0x00000000eb480000)
 ParOldGen       total 137728K, used 97339K [0x00000000c0000000, 0x00000000c8680000, 0x00000000eab00000)
  object space 137728K, 70% used [0x00000000c0000000,0x00000000c5f0ef48,0x00000000c8680000)
 Metaspace       used 79350K, committed 80512K, reserved 1122304K
  class space    used 8261K, committed 8768K, reserved 1048576K
}
Event: 38670.953 GC heap before
{Heap before GC invocations=202 (full 8):
 PSYoungGen      total 7680K, used 7652K [0x00000000eab00000, 0x00000000eb680000, 0x0000000100000000)
  eden space 6144K, 100% used [0x00000000eab00000,0x00000000eb100000,0x00000000eb100000)
  from space 1536K, 98% used [0x00000000eb500000,0x00000000eb679230,0x00000000eb680000)
  to   space 2048K, 0% used [0x00000000eb280000,0x00000000eb280000,0x00000000eb480000)
 ParOldGen       total 137728K, used 97339K [0x00000000c0000000, 0x00000000c8680000, 0x00000000eab00000)
  object space 137728K, 70% used [0x00000000c0000000,0x00000000c5f0ef48,0x00000000c8680000)
 Metaspace       used 79350K, committed 80512K, reserved 1122304K
  class space    used 8261K, committed 8768K, reserved 1048576K
}
Event: 38670.955 GC heap after
{Heap after GC invocations=202 (full 8):
 PSYoungGen      total 9216K, used 1732K [0x00000000eab00000, 0x00000000eb600000, 0x0000000100000000)
  eden space 7168K, 0% used [0x00000000eab00000,0x00000000eab00000,0x00000000eb200000)
  from space 2048K, 84% used [0x00000000eb280000,0x00000000eb431230,0x00000000eb480000)
  to   space 1536K, 0% used [0x00000000eb480000,0x00000000eb480000,0x00000000eb600000)
 ParOldGen       total 137728K, used 97339K [0x00000000c0000000, 0x00000000c8680000, 0x00000000eab00000)
  object space 137728K, 70% used [0x00000000c0000000,0x00000000c5f0ef48,0x00000000c8680000)
 Metaspace       used 79350K, committed 80512K, reserved 1122304K
  class space    used 8261K, committed 8768K, reserved 1048576K
}
Event: 38671.147 GC heap before
{Heap before GC invocations=203 (full 8):
 PSYoungGen      total 9216K, used 8900K [0x00000000eab00000, 0x00000000eb600000, 0x0000000100000000)
  eden space 7168K, 100% used [0x00000000eab00000,0x00000000eb200000,0x00000000eb200000)
  from space 2048K, 84% used [0x00000000eb280000,0x00000000eb431230,0x00000000eb480000)
  to   space 1536K, 0% used [0x00000000eb480000,0x00000000eb480000,0x00000000eb600000)
 ParOldGen       total 137728K, used 97339K [0x00000000c0000000, 0x00000000c8680000, 0x00000000eab00000)
  object space 137728K, 70% used [0x00000000c0000000,0x00000000c5f0ef48,0x00000000c8680000)
 Metaspace       used 79412K, committed 80576K, reserved 1122304K
  class space    used 8261K, committed 8768K, reserved 1048576K
}
Event: 38671.149 GC heap after
{Heap after GC invocations=203 (full 8):
 PSYoungGen      total 8704K, used 1529K [0x00000000eab00000, 0x00000000eb800000, 0x0000000100000000)
  eden space 7168K, 0% used [0x00000000eab00000,0x00000000eab00000,0x00000000eb200000)
  from space 1536K, 99% used [0x00000000eb480000,0x00000000eb5fe430,0x00000000eb600000)
  to   space 2560K, 0% used [0x00000000eb200000,0x00000000eb200000,0x00000000eb480000)
 ParOldGen       total 137728K, used 97979K [0x00000000c0000000, 0x00000000c8680000, 0x00000000eab00000)
  object space 137728K, 71% used [0x00000000c0000000,0x00000000c5faefa8,0x00000000c8680000)
 Metaspace       used 79412K, committed 80576K, reserved 1122304K
  class space    used 8261K, committed 8768K, reserved 1048576K
}
Event: 38671.180 GC heap before
{Heap before GC invocations=204 (full 8):
 PSYoungGen      total 8704K, used 8697K [0x00000000eab00000, 0x00000000eb800000, 0x0000000100000000)
  eden space 7168K, 100% used [0x00000000eab00000,0x00000000eb200000,0x00000000eb200000)
  from space 1536K, 99% used [0x00000000eb480000,0x00000000eb5fe430,0x00000000eb600000)
  to   space 2560K, 0% used [0x00000000eb200000,0x00000000eb200000,0x00000000eb480000)
 ParOldGen       total 137728K, used 97979K [0x00000000c0000000, 0x00000000c8680000, 0x00000000eab00000)
  object space 137728K, 71% used [0x00000000c0000000,0x00000000c5faefa8,0x00000000c8680000)
 Metaspace       used 79417K, committed 80576K, reserved 1122304K
  class space    used 8261K, committed 8768K, reserved 1048576K
}
Event: 38671.182 GC heap after
{Heap after GC invocations=204 (full 8):
 PSYoungGen      total 8704K, used 1065K [0x00000000eab00000, 0x00000000eb500000, 0x0000000100000000)
  eden space 7168K, 0% used [0x00000000eab00000,0x00000000eab00000,0x00000000eb200000)
  from space 1536K, 69% used [0x00000000eb200000,0x00000000eb30a420,0x00000000eb380000)
  to   space 1536K, 0% used [0x00000000eb380000,0x00000000eb380000,0x00000000eb500000)
 ParOldGen       total 137728K, used 98691K [0x00000000c0000000, 0x00000000c8680000, 0x00000000eab00000)
  object space 137728K, 71% used [0x00000000c0000000,0x00000000c6060fb8,0x00000000c8680000)
 Metaspace       used 79417K, committed 80576K, reserved 1122304K
  class space    used 8261K, committed 8768K, reserved 1048576K
}
Event: 38671.193 GC heap before
{Heap before GC invocations=205 (full 8):
 PSYoungGen      total 8704K, used 8233K [0x00000000eab00000, 0x00000000eb500000, 0x0000000100000000)
  eden space 7168K, 100% used [0x00000000eab00000,0x00000000eb200000,0x00000000eb200000)
  from space 1536K, 69% used [0x00000000eb200000,0x00000000eb30a420,0x00000000eb380000)
  to   space 1536K, 0% used [0x00000000eb380000,0x00000000eb380000,0x00000000eb500000)
 ParOldGen       total 137728K, used 98691K [0x00000000c0000000, 0x00000000c8680000, 0x00000000eab00000)
  object space 137728K, 71% used [0x00000000c0000000,0x00000000c6060fb8,0x00000000c8680000)
 Metaspace       used 79434K, committed 80576K, reserved 1122304K
  class space    used 8261K, committed 8768K, reserved 1048576K
}
Event: 38671.195 GC heap after
{Heap after GC invocations=205 (full 8):
 PSYoungGen      total 8704K, used 1161K [0x00000000eab00000, 0x00000000eb600000, 0x0000000100000000)
  eden space 7168K, 0% used [0x00000000eab00000,0x00000000eab00000,0x00000000eb200000)
  from space 1536K, 75% used [0x00000000eb380000,0x00000000eb4a2420,0x00000000eb500000)
  to   space 1536K, 0% used [0x00000000eb200000,0x00000000eb200000,0x00000000eb380000)
 ParOldGen       total 137728K, used 98699K [0x00000000c0000000, 0x00000000c8680000, 0x00000000eab00000)
  object space 137728K, 71% used [0x00000000c0000000,0x00000000c6062fb8,0x00000000c8680000)
 Metaspace       used 79434K, committed 80576K, reserved 1122304K
  class space    used 8261K, committed 8768K, reserved 1048576K
}
Event: 38671.221 GC heap before
{Heap before GC invocations=206 (full 8):
 PSYoungGen      total 8704K, used 8329K [0x00000000eab00000, 0x00000000eb600000, 0x0000000100000000)
  eden space 7168K, 100% used [0x00000000eab00000,0x00000000eb200000,0x00000000eb200000)
  from space 1536K, 75% used [0x00000000eb380000,0x00000000eb4a2420,0x00000000eb500000)
  to   space 1536K, 0% used [0x00000000eb200000,0x00000000eb200000,0x00000000eb380000)
 ParOldGen       total 137728K, used 98699K [0x00000000c0000000, 0x00000000c8680000, 0x00000000eab00000)
  object space 137728K, 71% used [0x00000000c0000000,0x00000000c6062fb8,0x00000000c8680000)
 Metaspace       used 79448K, committed 80576K, reserved 1122304K
  class space    used 8261K, committed 8768K, reserved 1048576K
}
Event: 38671.223 GC heap after
{Heap after GC invocations=206 (full 8):
 PSYoungGen      total 8704K, used 1533K [0x00000000eab00000, 0x00000000eb600000, 0x0000000100000000)
  eden space 7168K, 0% used [0x00000000eab00000,0x00000000eab00000,0x00000000eb200000)
  from space 1536K, 99% used [0x00000000eb200000,0x00000000eb37f600,0x00000000eb380000)
  to   space 2048K, 0% used [0x00000000eb400000,0x00000000eb400000,0x00000000eb600000)
 ParOldGen       total 137728K, used 98851K [0x00000000c0000000, 0x00000000c8680000, 0x00000000eab00000)
  object space 137728K, 71% used [0x00000000c0000000,0x00000000c6088fb8,0x00000000c8680000)
 Metaspace       used 79448K, committed 80576K, reserved 1122304K
  class space    used 8261K, committed 8768K, reserved 1048576K
}
Event: 38671.241 GC heap before
{Heap before GC invocations=207 (full 8):
 PSYoungGen      total 8704K, used 8701K [0x00000000eab00000, 0x00000000eb600000, 0x0000000100000000)
  eden space 7168K, 100% used [0x00000000eab00000,0x00000000eb200000,0x00000000eb200000)
  from space 1536K, 99% used [0x00000000eb200000,0x00000000eb37f600,0x00000000eb380000)
  to   space 2048K, 0% used [0x00000000eb400000,0x00000000eb400000,0x00000000eb600000)
 ParOldGen       total 137728K, used 98851K [0x00000000c0000000, 0x00000000c8680000, 0x00000000eab00000)
  object space 137728K, 71% used [0x00000000c0000000,0x00000000c6088fb8,0x00000000c8680000)
 Metaspace       used 79448K, committed 80576K, reserved 1122304K
  class space    used 8261K, committed 8768K, reserved 1048576K
}
Event: 38671.243 GC heap after
{Heap after GC invocations=207 (full 8):
 PSYoungGen      total 8704K, used 1390K [0x00000000eab00000, 0x00000000eb580000, 0x0000000100000000)
  eden space 7168K, 0% used [0x00000000eab00000,0x00000000eab00000,0x00000000eb200000)
  from space 1536K, 90% used [0x00000000eb400000,0x00000000eb55bb00,0x00000000eb580000)
  to   space 1536K, 0% used [0x00000000eb200000,0x00000000eb200000,0x00000000eb380000)
 ParOldGen       total 137728K, used 99152K [0x00000000c0000000, 0x00000000c8680000, 0x00000000eab00000)
  object space 137728K, 71% used [0x00000000c0000000,0x00000000c60d4208,0x00000000c8680000)
 Metaspace       used 79448K, committed 80576K, reserved 1122304K
  class space    used 8261K, committed 8768K, reserved 1048576K
}
Event: 38671.258 GC heap before
{Heap before GC invocations=208 (full 8):
 PSYoungGen      total 8704K, used 8558K [0x00000000eab00000, 0x00000000eb580000, 0x0000000100000000)
  eden space 7168K, 100% used [0x00000000eab00000,0x00000000eb200000,0x00000000eb200000)
  from space 1536K, 90% used [0x00000000eb400000,0x00000000eb55bb00,0x00000000eb580000)
  to   space 1536K, 0% used [0x00000000eb200000,0x00000000eb200000,0x00000000eb380000)
 ParOldGen       total 137728K, used 99152K [0x00000000c0000000, 0x00000000c8680000, 0x00000000eab00000)
  object space 137728K, 71% used [0x00000000c0000000,0x00000000c60d4208,0x00000000c8680000)
 Metaspace       used 79449K, committed 80576K, reserved 1122304K
  class space    used 8261K, committed 8768K, reserved 1048576K
}
Event: 38671.260 GC heap after
{Heap after GC invocations=208 (full 8):
 PSYoungGen      total 8704K, used 1517K [0x00000000eab00000, 0x00000000eb600000, 0x0000000100000000)
  eden space 7168K, 0% used [0x00000000eab00000,0x00000000eab00000,0x00000000eb200000)
  from space 1536K, 98% used [0x00000000eb200000,0x00000000eb37b610,0x00000000eb380000)
  to   space 2048K, 0% used [0x00000000eb400000,0x00000000eb400000,0x00000000eb600000)
 ParOldGen       total 137728K, used 99528K [0x00000000c0000000, 0x00000000c8680000, 0x00000000eab00000)
  object space 137728K, 72% used [0x00000000c0000000,0x00000000c6132248,0x00000000c8680000)
 Metaspace       used 79449K, committed 80576K, reserved 1122304K
  class space    used 8261K, committed 8768K, reserved 1048576K
}
Event: 38671.270 GC heap before
{Heap before GC invocations=209 (full 8):
 PSYoungGen      total 8704K, used 8685K [0x00000000eab00000, 0x00000000eb600000, 0x0000000100000000)
  eden space 7168K, 100% used [0x00000000eab00000,0x00000000eb200000,0x00000000eb200000)
  from space 1536K, 98% used [0x00000000eb200000,0x00000000eb37b610,0x00000000eb380000)
  to   space 2048K, 0% used [0x00000000eb400000,0x00000000eb400000,0x00000000eb600000)
 ParOldGen       total 137728K, used 99528K [0x00000000c0000000, 0x00000000c8680000, 0x00000000eab00000)
  object space 137728K, 72% used [0x00000000c0000000,0x00000000c6132248,0x00000000c8680000)
 Metaspace       used 79453K, committed 80576K, reserved 1122304K
  class space    used 8261K, committed 8768K, reserved 1048576K
}
Event: 38671.272 GC heap after
{Heap after GC invocations=209 (full 8):
 PSYoungGen      total 9216K, used 1619K [0x00000000eab00000, 0x00000000eb700000, 0x0000000100000000)
  eden space 7168K, 0% used [0x00000000eab00000,0x00000000eab00000,0x00000000eb200000)
  from space 2048K, 79% used [0x00000000eb400000,0x00000000eb594d10,0x00000000eb600000)
  to   space 2048K, 0% used [0x00000000eb200000,0x00000000eb200000,0x00000000eb400000)
 ParOldGen       total 137728K, used 99696K [0x00000000c0000000, 0x00000000c8680000, 0x00000000eab00000)
  object space 137728K, 72% used [0x00000000c0000000,0x00000000c615c258,0x00000000c8680000)
 Metaspace       used 79453K, committed 80576K, reserved 1122304K
  class space    used 8261K, committed 8768K, reserved 1048576K
}

Deoptimization events (20 events):
Event: 38670.701 Thread 0x00000200acd67a20 DEOPT PACKING pc=0x00000200a161d3cc sp=0x0000009733cfea40
Event: 38670.701 Thread 0x00000200acd67a20 DEOPT UNPACKING pc=0x00000200993b20a3 sp=0x0000009733cfe9d8 mode 2
Event: 38670.701 Thread 0x00000200acd67a20 Uncommon trap: trap_request=0xffffffc6 fr.pc=0x00000200a161d408 relative=0x0000000000000748
Event: 38670.701 Thread 0x00000200acd67a20 Uncommon trap: reason=bimorphic_or_optimized_type_check action=maybe_recompile pc=0x00000200a161d408 method=org.eclipse.jdt.internal.compiler.parser.Parser.consumeRule(I)V @ 6451 c2
Event: 38670.701 Thread 0x00000200acd67a20 DEOPT PACKING pc=0x00000200a161d408 sp=0x0000009733cfea40
Event: 38670.701 Thread 0x00000200acd67a20 DEOPT UNPACKING pc=0x00000200993b20a3 sp=0x0000009733cfe9e0 mode 2
Event: 38670.701 Thread 0x00000200acd67a20 Uncommon trap: trap_request=0xffffffc6 fr.pc=0x00000200a14cf030 relative=0x0000000000000770
Event: 38670.701 Thread 0x00000200acd67a20 Uncommon trap: reason=bimorphic_or_optimized_type_check action=maybe_recompile pc=0x00000200a14cf030 method=org.eclipse.jdt.internal.compiler.parser.Parser.consumeToken(I)V @ 1908 c2
Event: 38670.701 Thread 0x00000200acd67a20 DEOPT PACKING pc=0x00000200a14cf030 sp=0x0000009733cfe9f0
Event: 38670.701 Thread 0x00000200acd67a20 DEOPT UNPACKING pc=0x00000200993b20a3 sp=0x0000009733cfe9b0 mode 2
Event: 38670.853 Thread 0x00000200acd68d60 Uncommon trap: trap_request=0xffffffe4 fr.pc=0x00000200a15f7f54 relative=0x00000000000005d4
Event: 38670.853 Thread 0x00000200acd68d60 Uncommon trap: reason=range_check action=make_not_entrant pc=0x00000200a15f7f54 method=org.eclipse.jdt.internal.compiler.parser.Scanner.pushLineSeparator()V @ 100 c2
Event: 38670.853 Thread 0x00000200acd68d60 DEOPT PACKING pc=0x00000200a15f7f54 sp=0x0000009731efed00
Event: 38670.853 Thread 0x00000200acd68d60 DEOPT UNPACKING pc=0x00000200993b20a3 sp=0x0000009731efebc0 mode 2
Event: 38670.957 Thread 0x00000200acd68d60 Uncommon trap: trap_request=0xfffffff4 fr.pc=0x00000200a16171dc relative=0x0000000000002e1c
Event: 38670.957 Thread 0x00000200acd68d60 Uncommon trap: reason=null_check action=make_not_entrant pc=0x00000200a16171dc method=java.lang.Class.reflectionData()Ljava/lang/Class$ReflectionData; @ 18 c2
Event: 38670.957 Thread 0x00000200acd68d60 DEOPT PACKING pc=0x00000200a16171dc sp=0x0000009731efe870
Event: 38670.957 Thread 0x00000200acd68d60 DEOPT UNPACKING pc=0x00000200993b20a3 sp=0x0000009731efe760 mode 2
Event: 38671.249 Thread 0x00000200aefe1160 DEOPT PACKING pc=0x000002009adf0b28 sp=0x0000009731cfe070
Event: 38671.249 Thread 0x00000200aefe1160 DEOPT UNPACKING pc=0x00000200993b2843 sp=0x0000009731cfd588 mode 0

Classes unloaded (20 events):
Event: 38590.348 Thread 0x00000200aac1d8a0 Unloading class 0x00000001002c4c00 'java/lang/invoke/LambdaForm$DMH+0x00000001002c4c00'
Event: 38590.348 Thread 0x00000200aac1d8a0 Unloading class 0x00000001002c4400 'java/lang/invoke/LambdaForm$DMH+0x00000001002c4400'
Event: 38590.348 Thread 0x00000200aac1d8a0 Unloading class 0x00000001002c2c00 'java/lang/invoke/LambdaForm$MH+0x00000001002c2c00'
Event: 38590.348 Thread 0x00000200aac1d8a0 Unloading class 0x00000001002c2800 'java/lang/invoke/LambdaForm$MH+0x00000001002c2800'
Event: 38590.348 Thread 0x00000200aac1d8a0 Unloading class 0x00000001002c1000 'java/lang/invoke/LambdaForm$DMH+0x00000001002c1000'
Event: 38590.348 Thread 0x00000200aac1d8a0 Unloading class 0x00000001002c0800 'java/lang/invoke/LambdaForm$MH+0x00000001002c0800'
Event: 38590.348 Thread 0x00000200aac1d8a0 Unloading class 0x00000001002c0400 'java/lang/invoke/LambdaForm$MH+0x00000001002c0400'
Event: 38590.348 Thread 0x00000200aac1d8a0 Unloading class 0x00000001002c0000 'java/lang/invoke/LambdaForm$MH+0x00000001002c0000'
Event: 38590.348 Thread 0x00000200aac1d8a0 Unloading class 0x00000001002bf400 'java/lang/invoke/LambdaForm$MH+0x00000001002bf400'
Event: 38590.348 Thread 0x00000200aac1d8a0 Unloading class 0x00000001002bf000 'java/lang/invoke/LambdaForm$MH+0x00000001002bf000'
Event: 38590.348 Thread 0x00000200aac1d8a0 Unloading class 0x00000001002bec00 'java/lang/invoke/LambdaForm$MH+0x00000001002bec00'
Event: 38590.348 Thread 0x00000200aac1d8a0 Unloading class 0x00000001002be400 'java/lang/invoke/LambdaForm$MH+0x00000001002be400'
Event: 38590.348 Thread 0x00000200aac1d8a0 Unloading class 0x00000001002bd800 'java/lang/invoke/LambdaForm$MH+0x00000001002bd800'
Event: 38590.348 Thread 0x00000200aac1d8a0 Unloading class 0x0000000100216400 'java/lang/invoke/LambdaForm$MH+0x0000000100216400'
Event: 38590.348 Thread 0x00000200aac1d8a0 Unloading class 0x00000001001e3400 'jdk/internal/reflect/GeneratedConstructorAccessor4'
Event: 38590.348 Thread 0x00000200aac1d8a0 Unloading class 0x000000010011d000 'jdk/internal/reflect/GeneratedMethodAccessor5'
Event: 38590.348 Thread 0x00000200aac1d8a0 Unloading class 0x000000010011cc00 'jdk/internal/reflect/GeneratedMethodAccessor4'
Event: 38590.348 Thread 0x00000200aac1d8a0 Unloading class 0x000000010011c800 'jdk/internal/reflect/GeneratedMethodAccessor3'
Event: 38590.348 Thread 0x00000200aac1d8a0 Unloading class 0x000000010011c400 'jdk/internal/reflect/GeneratedMethodAccessor2'
Event: 38590.348 Thread 0x00000200aac1d8a0 Unloading class 0x000000010011c000 'jdk/internal/reflect/GeneratedMethodAccessor1'

Classes redefined (0 events):
No events

Internal exceptions (20 events):
Event: 38269.383 Thread 0x00000200aefe54c0 Exception <a 'java/lang/NoSuchMethodError'{0x00000000ead51a80}: 'java.lang.Object java.lang.invoke.DirectMethodHandle$Holder.invokeVirtual(java.lang.Object, java.lang.Object, java.lang.Object, java.lang.Object)'> (0x00000000ead51a80) 
thrown [s\src\hotspot\share\interpreter\linkResolver.cpp, line 759]
Event: 38269.431 Thread 0x00000200acd67ef0 Exception <a 'java/lang/NoSuchMethodError'{0x00000000eab605d0}: 'java.lang.Object java.lang.invoke.DirectMethodHandle$Holder.invokeStatic(java.lang.Object, long, java.lang.Object, java.lang.Object)'> (0x00000000eab605d0) 
thrown [s\src\hotspot\share\interpreter\linkResolver.cpp, line 759]
Event: 38269.432 Thread 0x00000200acd67ef0 Exception <a 'java/lang/NoSuchMethodError'{0x00000000eab67170}: 'java.lang.Object java.lang.invoke.DirectMethodHandle$Holder.newInvokeSpecial(java.lang.Object, long)'> (0x00000000eab67170) 
thrown [s\src\hotspot\share\interpreter\linkResolver.cpp, line 759]
Event: 38269.486 Thread 0x00000200acd67ef0 Exception <a 'sun/nio/fs/WindowsException'{0x00000000eac936d8}> (0x00000000eac936d8) 
thrown [s\src\hotspot\share\prims\jni.cpp, line 516]
Event: 38269.487 Thread 0x00000200acd67ef0 Exception <a 'sun/nio/fs/WindowsException'{0x00000000eac939c0}> (0x00000000eac939c0) 
thrown [s\src\hotspot\share\prims\jni.cpp, line 516]
Event: 38269.487 Thread 0x00000200acd67ef0 Exception <a 'sun/nio/fs/WindowsException'{0x00000000eac94dd0}> (0x00000000eac94dd0) 
thrown [s\src\hotspot\share\prims\jni.cpp, line 516]
Event: 38269.487 Thread 0x00000200acd67ef0 Exception <a 'sun/nio/fs/WindowsException'{0x00000000eac950b0}> (0x00000000eac950b0) 
thrown [s\src\hotspot\share\prims\jni.cpp, line 516]
Event: 38271.391 Thread 0x00000200acd68d60 Exception <a 'java/lang/NoSuchMethodError'{0x00000000ead5de88}: 'java.lang.Object java.lang.invoke.DirectMethodHandle$Holder.invokeStatic(java.lang.Object, java.lang.Object, long, java.lang.Object)'> (0x00000000ead5de88) 
thrown [s\src\hotspot\share\interpreter\linkResolver.cpp, line 759]
Event: 38271.391 Thread 0x00000200acd68d60 Exception <a 'java/lang/NoSuchMethodError'{0x00000000ead61b70}: 'java.lang.Object java.lang.invoke.DirectMethodHandle$Holder.invokeStaticInit(java.lang.Object, java.lang.Object, long, java.lang.Object)'> (0x00000000ead61b70) 
thrown [s\src\hotspot\share\interpreter\linkResolver.cpp, line 759]
Event: 38271.392 Thread 0x00000200acd68d60 Exception <a 'java/lang/NoSuchMethodError'{0x00000000ead68180}: 'java.lang.Object java.lang.invoke.DirectMethodHandle$Holder.newInvokeSpecial(java.lang.Object, java.lang.Object, long)'> (0x00000000ead68180) 
thrown [s\src\hotspot\share\interpreter\linkResolver.cpp, line 759]
Event: 38271.392 Thread 0x00000200acd68d60 Exception <a 'java/lang/NoSuchMethodError'{0x00000000ead6bbc0}: 'java.lang.Object java.lang.invoke.Invokers$Holder.linkToTargetMethod(java.lang.Object, long, java.lang.Object)'> (0x00000000ead6bbc0) 
thrown [s\src\hotspot\share\interpreter\linkResolver.cpp, line 759]
Event: 38589.811 Thread 0x00000200acd68d60 Exception <a 'java/lang/NoSuchMethodError'{0x00000000ead46230}: 'java.lang.Object java.lang.invoke.DirectMethodHandle$Holder.newInvokeSpecial(java.lang.Object, java.lang.Object, int, java.lang.Object, java.lang.Object, java.lang.Object, java.lang.Object)'> (0x00000000ead46230) 
thrown [s\src\hotspot\share\interpreter\linkResolver.cpp, line 759]
Event: 38589.849 Thread 0x00000200acd68d60 Exception <a 'java/lang/ArrayIndexOutOfBoundsException'{0x00000000eada4478}> (0x00000000eada4478) 
thrown [s\src\hotspot\share\runtime\sharedRuntime.cpp, line 628]
Event: 38595.172 Thread 0x00000200acd67ef0 Implicit null exception at 0x00000200a1161b85 to 0x00000200a1161f44
Event: 38603.293 Thread 0x00000200aefe54c0 Exception <a 'sun/nio/fs/WindowsException'{0x00000000eac3b350}> (0x00000000eac3b350) 
thrown [s\src\hotspot\share\prims\jni.cpp, line 516]
Event: 38603.293 Thread 0x00000200aefe54c0 Exception <a 'sun/nio/fs/WindowsException'{0x00000000eac3b638}> (0x00000000eac3b638) 
thrown [s\src\hotspot\share\prims\jni.cpp, line 516]
Event: 38603.294 Thread 0x00000200aefe54c0 Exception <a 'sun/nio/fs/WindowsException'{0x00000000eac3c038}> (0x00000000eac3c038) 
thrown [s\src\hotspot\share\prims\jni.cpp, line 516]
Event: 38603.294 Thread 0x00000200aefe54c0 Exception <a 'sun/nio/fs/WindowsException'{0x00000000eac3c318}> (0x00000000eac3c318) 
thrown [s\src\hotspot\share\prims\jni.cpp, line 516]
Event: 38670.853 Thread 0x00000200acd68d60 Exception <a 'java/lang/ArrayIndexOutOfBoundsException'{0x00000000eae34520}: Index 1256 out of bounds for length 1255> (0x00000000eae34520) 
thrown [s\src\hotspot\share\interpreter\interpreterRuntime.cpp, line 428]
Event: 38670.957 Thread 0x00000200acd68d60 Implicit null exception at 0x00000200a161440f to 0x00000200a16171bc

VM Operations (20 events):
Event: 38670.932 Executing VM operation: ParallelGCFailedAllocation
Event: 38670.934 Executing VM operation: ParallelGCFailedAllocation done
Event: 38670.943 Executing VM operation: ParallelGCFailedAllocation
Event: 38670.945 Executing VM operation: ParallelGCFailedAllocation done
Event: 38670.953 Executing VM operation: ParallelGCFailedAllocation
Event: 38670.956 Executing VM operation: ParallelGCFailedAllocation done
Event: 38671.147 Executing VM operation: ParallelGCFailedAllocation
Event: 38671.149 Executing VM operation: ParallelGCFailedAllocation done
Event: 38671.180 Executing VM operation: ParallelGCFailedAllocation
Event: 38671.182 Executing VM operation: ParallelGCFailedAllocation done
Event: 38671.193 Executing VM operation: ParallelGCFailedAllocation
Event: 38671.195 Executing VM operation: ParallelGCFailedAllocation done
Event: 38671.221 Executing VM operation: ParallelGCFailedAllocation
Event: 38671.223 Executing VM operation: ParallelGCFailedAllocation done
Event: 38671.241 Executing VM operation: ParallelGCFailedAllocation
Event: 38671.243 Executing VM operation: ParallelGCFailedAllocation done
Event: 38671.258 Executing VM operation: ParallelGCFailedAllocation
Event: 38671.260 Executing VM operation: ParallelGCFailedAllocation done
Event: 38671.270 Executing VM operation: ParallelGCFailedAllocation
Event: 38671.272 Executing VM operation: ParallelGCFailedAllocation done

Events (20 events):
Event: 38600.172 Thread 0x00000200ac5f0920 flushing nmethod 0x000002009b0eed90
Event: 38600.172 Thread 0x00000200ac5f0920 flushing nmethod 0x000002009b0ef910
Event: 38600.172 Thread 0x00000200ac5f0920 flushing nmethod 0x000002009b0f0610
Event: 38600.172 Thread 0x00000200ac5f0920 flushing nmethod 0x000002009b159110
Event: 38600.172 Thread 0x00000200ac5f0920 flushing nmethod 0x000002009b1bd510
Event: 38600.172 Thread 0x00000200ac5f0920 flushing nmethod 0x000002009b1ef990
Event: 38600.533 Thread 0x00000200afb99520 Thread exited: 0x00000200afb99520
Event: 38600.590 Thread 0x00000200afb97bd0 Thread added: 0x00000200afb97bd0
Event: 38601.149 Thread 0x00000200afb97bd0 Thread exited: 0x00000200afb97bd0
Event: 38603.263 Thread 0x00000200aefe4180 Thread added: 0x00000200aefe4180
Event: 38603.279 Thread 0x00000200aefe54c0 Thread added: 0x00000200aefe54c0
Event: 38603.296 Thread 0x00000200aefe4ff0 Thread added: 0x00000200aefe4ff0
Event: 38603.310 Thread 0x00000200aefe5990 Thread added: 0x00000200aefe5990
Event: 38603.311 Thread 0x00000200aefe4ff0 Thread exited: 0x00000200aefe4ff0
Event: 38603.857 Thread 0x00000200aefe4ff0 Thread added: 0x00000200aefe4ff0
Event: 38603.860 Thread 0x00000200aefe5990 Thread exited: 0x00000200aefe5990
Event: 38657.866 Thread 0x00000200acd67550 Thread exited: 0x00000200acd67550
Event: 38670.698 Thread 0x00000200aefe1160 Thread added: 0x00000200aefe1160
Event: 38670.816 Thread 0x00000200acd67ef0 Thread exited: 0x00000200acd67ef0
Event: 38671.135 Thread 0x00000200afb985f0 Thread added: 0x00000200afb985f0


Dynamic libraries:
0x00007ff739ec0000 - 0x00007ff739ece000 	c:\Users\D3rick\.vscode\extensions\redhat.java-1.11.0-win32-x64\jre\17.0.4.1-win32-x86_64\bin\java.exe
0x00007fff50990000 - 0x00007fff50b88000 	C:\WINDOWS\SYSTEM32\ntdll.dll
0x00007fff50130000 - 0x00007fff501ed000 	C:\WINDOWS\System32\KERNEL32.DLL
0x00007fff4e0b0000 - 0x00007fff4e37e000 	C:\WINDOWS\System32\KERNELBASE.dll
0x00007fff4e840000 - 0x00007fff4e940000 	C:\WINDOWS\System32\ucrtbase.dll
0x00007fff25520000 - 0x00007fff25538000 	c:\Users\D3rick\.vscode\extensions\redhat.java-1.11.0-win32-x64\jre\17.0.4.1-win32-x86_64\bin\jli.dll
0x00007fff4f2b0000 - 0x00007fff4f450000 	C:\WINDOWS\System32\USER32.dll
0x00007fff4e700000 - 0x00007fff4e722000 	C:\WINDOWS\System32\win32u.dll
0x00007fff507f0000 - 0x00007fff5081a000 	C:\WINDOWS\System32\GDI32.dll
0x00007fff4e730000 - 0x00007fff4e83b000 	C:\WINDOWS\System32\gdi32full.dll
0x00007fff4e660000 - 0x00007fff4e6fd000 	C:\WINDOWS\System32\msvcp_win.dll
0x00007fff1cb70000 - 0x00007fff1cb89000 	c:\Users\D3rick\.vscode\extensions\redhat.java-1.11.0-win32-x64\jre\17.0.4.1-win32-x86_64\bin\VCRUNTIME140.dll
0x00007fff3ff80000 - 0x00007fff4021a000 	C:\WINDOWS\WinSxS\amd64_microsoft.windows.common-controls_6595b64144ccf1df_6.0.19041.1110_none_60b5254171f9507e\COMCTL32.dll
0x00007fff50820000 - 0x00007fff508be000 	C:\WINDOWS\System32\msvcrt.dll
0x00007fff508c0000 - 0x00007fff508f0000 	C:\WINDOWS\System32\IMM32.DLL
0x00007fff422c0000 - 0x00007fff422cc000 	c:\Users\D3rick\.vscode\extensions\redhat.java-1.11.0-win32-x64\jre\17.0.4.1-win32-x86_64\bin\vcruntime140_1.dll
0x00007ffeeb110000 - 0x00007ffeeb1a1000 	c:\Users\D3rick\.vscode\extensions\redhat.java-1.11.0-win32-x64\jre\17.0.4.1-win32-x86_64\bin\msvcp140.dll
0x00007ffeca4a0000 - 0x00007ffecb0e6000 	c:\Users\D3rick\.vscode\extensions\redhat.java-1.11.0-win32-x64\jre\17.0.4.1-win32-x86_64\bin\server\jvm.dll
0x00007fff4f8a0000 - 0x00007fff4f94e000 	C:\WINDOWS\System32\ADVAPI32.dll
0x00007fff50250000 - 0x00007fff502ec000 	C:\WINDOWS\System32\sechost.dll
0x00007fff506c0000 - 0x00007fff507e5000 	C:\WINDOWS\System32\RPCRT4.dll
0x00007fff4f450000 - 0x00007fff4f458000 	C:\WINDOWS\System32\PSAPI.DLL
0x00007fff3b5a0000 - 0x00007fff3b5a9000 	C:\WINDOWS\SYSTEM32\WSOCK32.dll
0x00007fff503e0000 - 0x00007fff5044b000 	C:\WINDOWS\System32\WS2_32.dll
0x00007fff43e30000 - 0x00007fff43e57000 	C:\WINDOWS\SYSTEM32\WINMM.dll
0x00007fff45170000 - 0x00007fff4517a000 	C:\WINDOWS\SYSTEM32\VERSION.dll
0x00007fff4bfc0000 - 0x00007fff4bfd2000 	C:\WINDOWS\SYSTEM32\kernel.appcore.dll
0x00007fff40ec0000 - 0x00007fff40eca000 	c:\Users\D3rick\.vscode\extensions\redhat.java-1.11.0-win32-x64\jre\17.0.4.1-win32-x86_64\bin\jimage.dll
0x00007fff47020000 - 0x00007fff47204000 	C:\WINDOWS\SYSTEM32\DBGHELP.DLL
0x00007fff47600000 - 0x00007fff4762c000 	C:\WINDOWS\SYSTEM32\dbgcore.DLL
0x00007fff4e440000 - 0x00007fff4e4c2000 	C:\WINDOWS\System32\bcryptPrimitives.dll
0x00007fff40e60000 - 0x00007fff40e6e000 	c:\Users\D3rick\.vscode\extensions\redhat.java-1.11.0-win32-x64\jre\17.0.4.1-win32-x86_64\bin\instrument.dll
0x00007ffefbae0000 - 0x00007ffefbb05000 	c:\Users\D3rick\.vscode\extensions\redhat.java-1.11.0-win32-x64\jre\17.0.4.1-win32-x86_64\bin\java.dll
0x00007fff1c3c0000 - 0x00007fff1c3d8000 	c:\Users\D3rick\.vscode\extensions\redhat.java-1.11.0-win32-x64\jre\17.0.4.1-win32-x86_64\bin\zip.dll
0x00007fff4f9e0000 - 0x00007fff50123000 	C:\WINDOWS\System32\SHELL32.dll
0x00007fff4c1c0000 - 0x00007fff4c955000 	C:\WINDOWS\SYSTEM32\windows.storage.dll
0x00007fff4f540000 - 0x00007fff4f894000 	C:\WINDOWS\System32\combase.dll
0x00007fff4da40000 - 0x00007fff4da70000 	C:\WINDOWS\SYSTEM32\Wldp.dll
0x00007fff4eb30000 - 0x00007fff4ebdd000 	C:\WINDOWS\System32\SHCORE.dll
0x00007fff508f0000 - 0x00007fff50945000 	C:\WINDOWS\System32\shlwapi.dll
0x00007fff4dff0000 - 0x00007fff4e00f000 	C:\WINDOWS\SYSTEM32\profapi.dll
0x00007fff3baa0000 - 0x00007fff3bab9000 	C:\Users\D3rick\.vscode\extensions\redhat.java-1.11.0-win32-x64\jre\17.0.4.1-win32-x86_64\bin\net.dll
0x00007fff43190000 - 0x00007fff4329a000 	C:\WINDOWS\SYSTEM32\WINHTTP.dll
0x00007fff4d7a0000 - 0x00007fff4d80a000 	C:\WINDOWS\system32\mswsock.dll
0x00007fff2ab40000 - 0x00007fff2ab55000 	C:\Users\D3rick\.vscode\extensions\redhat.java-1.11.0-win32-x64\jre\17.0.4.1-win32-x86_64\bin\nio.dll
0x00007fff406e0000 - 0x00007fff406f0000 	c:\Users\D3rick\.vscode\extensions\redhat.java-1.11.0-win32-x64\jre\17.0.4.1-win32-x86_64\bin\verify.dll
0x00007fff14e20000 - 0x00007fff14e5e000 	C:\Users\D3rick\AppData\Roaming\Code\User\globalStorage\redhat.java\1.11.0\config_win\org.eclipse.equinox.launcher\org.eclipse.equinox.launcher.win32.win32.x86_64_1.2.600.v20220720-1916\eclipse_11700.dll
0x00007fff50450000 - 0x00007fff5057a000 	C:\WINDOWS\System32\ole32.dll
0x00007fff4d9a0000 - 0x00007fff4d9b8000 	C:\WINDOWS\SYSTEM32\CRYPTSP.dll
0x00007fff4d120000 - 0x00007fff4d154000 	C:\WINDOWS\system32\rsaenh.dll
0x00007fff4e630000 - 0x00007fff4e657000 	C:\WINDOWS\System32\bcrypt.dll
0x00007fff4df70000 - 0x00007fff4df9e000 	C:\WINDOWS\SYSTEM32\USERENV.dll
0x00007fff4d990000 - 0x00007fff4d99c000 	C:\WINDOWS\SYSTEM32\CRYPTBASE.dll
0x00007fff4d490000 - 0x00007fff4d4cb000 	C:\WINDOWS\SYSTEM32\IPHLPAPI.DLL
0x00007fff50650000 - 0x00007fff50658000 	C:\WINDOWS\System32\NSI.dll
0x00007fff47280000 - 0x00007fff47297000 	C:\WINDOWS\SYSTEM32\dhcpcsvc6.DLL
0x00007fff47210000 - 0x00007fff4722d000 	C:\WINDOWS\SYSTEM32\dhcpcsvc.DLL
0x00007fff4d4d0000 - 0x00007fff4d59a000 	C:\WINDOWS\SYSTEM32\DNSAPI.dll
0x00007fff3c850000 - 0x00007fff3c894000 	C:\Users\D3rick\AppData\Local\Temp\jna-1997382094\jna11074331678817986774.dll
0x00007fff497b0000 - 0x00007fff497be000 	C:\Users\D3rick\.vscode\extensions\redhat.java-1.11.0-win32-x64\jre\17.0.4.1-win32-x86_64\bin\sunmscapi.dll
0x00007fff4e4d0000 - 0x00007fff4e626000 	C:\WINDOWS\System32\CRYPT32.dll
0x00007fff4db10000 - 0x00007fff4db37000 	C:\WINDOWS\SYSTEM32\ncrypt.dll
0x00007fff4dad0000 - 0x00007fff4db0b000 	C:\WINDOWS\SYSTEM32\NTASN1.dll
0x00007fff430c0000 - 0x00007fff430ca000 	C:\Windows\System32\rasadhlp.dll
0x00007fff42ea0000 - 0x00007fff42f20000 	C:\WINDOWS\System32\fwpuclnt.dll

dbghelp: loaded successfully - version: 4.0.5 - missing functions: none
symbol engine: initialized successfully - sym options: 0x614 - pdb path: .;c:\Users\D3rick\.vscode\extensions\redhat.java-1.11.0-win32-x64\jre\17.0.4.1-win32-x86_64\bin;C:\WINDOWS\SYSTEM32;C:\WINDOWS\WinSxS\amd64_microsoft.windows.common-controls_6595b64144ccf1df_6.0.19041.1110_none_60b5254171f9507e;c:\Users\D3rick\.vscode\extensions\redhat.java-1.11.0-win32-x64\jre\17.0.4.1-win32-x86_64\bin\server;C:\Users\D3rick\AppData\Roaming\Code\User\globalStorage\redhat.java\1.11.0\config_win\org.eclipse.equinox.launcher\org.eclipse.equinox.launcher.win32.win32.x86_64_1.2.600.v20220720-1916;C:\Users\D3rick\AppData\Local\Temp\jna-1997382094

VM Arguments:
jvm_args: --add-modules=ALL-SYSTEM --add-opens=java.base/java.util=ALL-UNNAMED --add-opens=java.base/java.lang=ALL-UNNAMED --add-opens=java.base/sun.nio.fs=ALL-UNNAMED -Declipse.application=org.eclipse.jdt.ls.core.id1 -Dosgi.bundles.defaultStartLevel=4 -Declipse.product=org.eclipse.jdt.ls.core.product -Djava.import.generatesMetadataFilesAtProjectRoot=false -Dfile.encoding=utf8 -DwatchParentProcess=false -XX:+UseParallelGC -XX:GCTimeRatio=4 -XX:AdaptiveSizePolicyWeight=90 -Dsun.zip.disableMemoryMapping=true -Xmx1G -Xms100m -Xlog:disable -javaagent:c:\Users\D3rick\.vscode\extensions\redhat.java-1.11.0-win32-x64\lombok\lombok-1.18.24.jar -XX:+HeapDumpOnOutOfMemoryError -XX:HeapDumpPath=c:\Users\D3rick\AppData\Roaming\Code\User\workspaceStorage\a8ea1c6958cda01272c224f9bc5d13be\redhat.java 
java_command: c:\Users\D3rick\.vscode\extensions\redhat.java-1.11.0-win32-x64\server\plugins\org.eclipse.equinox.launcher_1.6.400.v20210924-0641.jar -configuration c:\Users\D3rick\AppData\Roaming\Code\User\globalStorage\redhat.java\1.11.0\config_win -data c:\Users\D3rick\AppData\Roaming\Code\User\workspaceStorage\a8ea1c6958cda01272c224f9bc5d13be\redhat.java\jdt_ws
java_class_path (initial): c:\Users\D3rick\.vscode\extensions\redhat.java-1.11.0-win32-x64\server\plugins\org.eclipse.equinox.launcher_1.6.400.v20210924-0641.jar
Launcher Type: SUN_STANDARD

[Global flags]
    uintx AdaptiveSizePolicyWeight                 = 90                                        {product} {command line}
     intx CICompilerCount                          = 3                                         {product} {ergonomic}
    uintx GCTimeRatio                              = 4                                         {product} {command line}
     bool HeapDumpOnOutOfMemoryError               = true                                   {manageable} {command line}
    ccstr HeapDumpPath                             = c:\Users\D3rick\AppData\Roaming\Code\User\workspaceStorage\a8ea1c6958cda01272c224f9bc5d13be\redhat.java         {manageable} {command line}
   size_t InitialHeapSize                          = 104857600                                 {product} {command line}
   size_t MaxHeapSize                              = 1073741824                                {product} {command line}
   size_t MaxNewSize                               = 357564416                                 {product} {ergonomic}
   size_t MinHeapDeltaBytes                        = 524288                                    {product} {ergonomic}
   size_t MinHeapSize                              = 104857600                                 {product} {command line}
   size_t NewSize                                  = 34603008                                  {product} {ergonomic}
    uintx NonNMethodCodeHeapSize                   = 5832780                                {pd product} {ergonomic}
    uintx NonProfiledCodeHeapSize                  = 122912730                              {pd product} {ergonomic}
   size_t OldSize                                  = 70254592                                  {product} {ergonomic}
    uintx ProfiledCodeHeapSize                     = 122912730                              {pd product} {ergonomic}
    uintx ReservedCodeCacheSize                    = 251658240                              {pd product} {ergonomic}
     bool SegmentedCodeCache                       = true                                      {product} {ergonomic}
   size_t SoftMaxHeapSize                          = 1073741824                             {manageable} {ergonomic}
     bool UseCompressedClassPointers               = true                           {product lp64_product} {ergonomic}
     bool UseCompressedOops                        = true                           {product lp64_product} {ergonomic}
     bool UseLargePagesIndividualAllocation        = false                                  {pd product} {ergonomic}
     bool UseParallelGC                            = true                                      {product} {command line}

Logging:
Log output configuration:
 #0: stdout all=off uptime,level,tags
 #1: stderr all=off uptime,level,tags

Environment Variables:
PATH=C:\Program Files\Common Files\Oracle\Java\javapath;C:\Program Files\Eclipse Adoptium\jdk-11.0.15.10-hotspot\bin;C:\Program Files (x86)\VMware\VMware Workstation\bin\;C:\Program Files (x86)\Intel\iCLS Client\;C:\Program Files\Intel\iCLS Client\;C:\WINDOWS\system32;C:\WINDOWS;C:\WINDOWS\System32\Wbem;C:\WINDOWS\System32\WindowsPowerShell\v1.0\;C:\WINDOWS\System32\OpenSSH\;C:\Program Files (x86)\ATI Technologies\ATI.ACE\Core-Static;C:\Program Files\Intel\Intel(R) Management Engine Components\DAL;C:\Program Files\Intel\Intel(R) Management Engine Components\IPT;C:\Program Files (x86)\Intel\Intel(R) Management Engine Components\DAL;C:\Program Files (x86)\Intel\Intel(R) Management Engine Components\IPT;C:\Program Files\PuTTY\;C:\Program Files\Git\cmd;C:\Program Files\Microsoft SQL Server\Client SDK\ODBC\170\Tools\Binn\;C:\Program Files (x86)\Microsoft SQL Server\150\Tools\Binn\;C:\Program Files\Microsoft SQL Server\150\Tools\Binn\;C:\Program Files\Microsoft SQL Server\150\DTS\Binn\;C:\Program Files (x86)\Microsoft SQL Server\150\DTS\Binn\;C:\Program Files\Azure Data Studio\bin;C:\Program Files (x86)\VMware\VMware Workstation\bin\;C:\Program Files (x86)\Intel\iCLS Client\;C:\Program Files\Intel\iCLS Client\;C:\WINDOWS\system32;C:\WINDOWS;C:\WINDOWS\System32\Wbem;C:\WINDOWS\System32\WindowsPowerShell\v1.0\;C:\WINDOWS\System32\OpenSSH\;C:\Program Files (x86)\ATI Technologies\ATI.ACE\Core-Static;C:\Program Files\Intel\Intel(R) Management Engine Components\DAL;C:\Program Files\Intel\Intel(R) Management Engine Components\IPT;C:\Program Files (x86)\Intel\Intel(R) Management Engine Components\DAL;C:\Program Files (x86)\Intel\Intel(R) Management Engine Components\IPT;C:\Program Files\PuTTY\;C:\Users\D3rick\AppData\Local\Microsoft\WindowsApps;C:\Users\D3rick\AppData\Local\Programs\Microsoft VS Code\bin;C:\Program Files\7-Zip;C:\Program Files\Azure Data Studio\bin;D:\Users\Danniel\Documents\D3r1ck\Cursos\Mision TIC 2022\Programacion\Ciclo 2\apache-maven-3.8.6-bin.tar\apache-maven-3
USERNAME=D3rick
OS=Windows_NT
PROCESSOR_IDENTIFIER=Intel64 Family 6 Model 58 Stepping 9, GenuineIntel
TMP=C:\Users\D3rick\AppData\Local\Temp
TEMP=C:\Users\D3rick\AppData\Local\Temp



---------------  S Y S T E M  ---------------

OS:
 Windows 10 , 64 bit Build 19041 (10.0.19041.1889)
OS uptime: 3 days 8:44 hours

CPU: total 4 (initial active 4) (4 cores per cpu, 1 threads per core) family 6 model 58 stepping 9 microcode 0x21, cx8, cmov, fxsr, mmx, sse, sse2, sse3, ssse3, sse4.1, sse4.2, popcnt, tsc, tscinvbit, avx, aes, erms, clmul, vzeroupper, clflush

Memory: 4k page, system-wide physical 8150M (386M free)
TotalPageFile size 16342M (AvailPageFile size 72M)
current process WorkingSet (physical memory assigned to process): 328M, peak: 349M
current process commit charge ("private bytes"): 386M, peak: 412M

vm_info: OpenJDK 64-Bit Server VM (17.0.4.1+1) for windows-amd64 JRE (17.0.4.1+1), built on Aug 17 2022 07:42:43 by "temurin" with MS VC++ 16.7 (VS2019)

END.
